{
  "stats": {
    "suites": 1,
    "tests": 4,
    "passes": 4,
    "pending": 0,
    "failures": 0,
    "start": "2025-08-24T21:39:02.479Z",
    "end": "2025-08-24T21:39:08.327Z",
    "duration": 5848,
    "testsRegistered": 4,
    "passPercent": 100,
    "pendingPercent": 0,
    "other": 0,
    "hasOther": false,
    "skipped": 0,
    "hasSkipped": false
  },
  "results": [
    {
      "uuid": "7d09bc47-8887-4c89-90bc-7dcd4f0b3cca",
      "title": "",
      "fullFile": "cypress/e2e/4_ProductsPage.cy.js",
      "file": "cypress/e2e/4_ProductsPage.cy.js",
      "beforeHooks": [],
      "afterHooks": [],
      "tests": [],
      "suites": [
        {
          "uuid": "829309ec-0cdf-4f57-92cb-de737d08ac75",
          "title": "Inventory Page tests",
          "fullFile": "",
          "file": "",
          "beforeHooks": [],
          "afterHooks": [],
          "tests": [
            {
              "title": "should load all menu items",
              "fullTitle": "Inventory Page tests should load all menu items",
              "timedOut": null,
              "duration": 1578,
              "state": "passed",
              "speed": "fast",
              "pass": true,
              "fail": false,
              "pending": false,
              "context": null,
              "code": "cy.get('#react-burger-menu-btn').click();\nsidebarLinks.forEach(link => {\n  cy.get(link.id).should('be.visible').and('have.text', link.text);\n  switch (link.text && link.text.trim() !== 'Logout') {\n    case \"All Items\":\n      cy.get(link.id).click();\n      cy.url().should('include', '/inventory.html');\n      break;\n    case \"About\":\n      cy.get(link.id).click();\n      cy.origin('https://saucelabs.com', () => {\n        cy.url().should('include', 'https://saucelabs.com/');\n        //cy.go('back');\n        // Optionally: Add more assertions or actions specific to the About page\n      });\n      cy.visit('/inventory.html');\n      break;\n    case \"Reset App State\":\n      cy.get(link.id).click();\n      cy.get(\"a.shopping_cart_link\").children('span').should('not.exist');\n      cy.url().should('include', '/inventory.html');\n      cy.get('#react-burger-cross-btn').click();\n      break;\n  }\n});\ncy.get('#inventory_sidebar_link').click();\ncy.url().should('include', '/inventory.html');",
              "err": {},
              "uuid": "601544af-fbae-4633-bc17-dd7f81f9d630",
              "parentUUID": "829309ec-0cdf-4f57-92cb-de737d08ac75",
              "isHook": false,
              "skipped": false
            },
            {
              "title": "should add and remove all inventory items",
              "fullTitle": "Inventory Page tests should add and remove all inventory items",
              "timedOut": null,
              "duration": 1935,
              "state": "passed",
              "speed": "fast",
              "pass": true,
              "fail": false,
              "pending": false,
              "context": null,
              "code": "cy.inventoryitemsaddremove();\ncy.get(\"a.shopping_cart_link>span\").should('have.text', '6');\n// Remove all items from inventory page\ncy.inventoryitemsaddremove();\ncy.get(\"a.shopping_cart_link\").children('span').should('not.exist');\n// Go to cart and verify\ncy.get('.shopping_cart_link').click();\ncy.url().should('include', '/cart.html');\ncy.getSelector('secondary-header').should('have.text', 'Your Cart');\n// Optionally: Add logic to remove a single item from the cart if needed",
              "err": {},
              "uuid": "e6e9d951-a98e-4bc0-bbe9-54f6e0c8c027",
              "parentUUID": "829309ec-0cdf-4f57-92cb-de737d08ac75",
              "isHook": false,
              "skipped": false
            },
            {
              "title": "should check if the sorting is correct",
              "fullTitle": "Inventory Page tests should check if the sorting is correct",
              "timedOut": null,
              "duration": 1380,
              "state": "passed",
              "speed": "fast",
              "pass": true,
              "fail": false,
              "pending": false,
              "context": null,
              "code": "cy.get('.product_sort_container').select('za');\ngetItemNames().then(names => {\n  const sorted = [...names].sort((a, b) => b.localeCompare(a));\n  expect(names).to.deep.equal(sorted);\n});\ncy.get('.product_sort_container').select('az');\ngetItemNames().then(names => {\n  const sorted = [...names].sort((a, b) => a.localeCompare(b));\n  expect(names).to.deep.equal(sorted);\n});\ncy.get('.product_sort_container').select('lohi');\ngetItemPrices().then(prices => {\n  const sorted = [...prices].sort((a, b) => a - b);\n  expect(prices).to.deep.equal(sorted);\n});\ncy.get('.product_sort_container').select('hilo');\ngetItemPrices().then(prices => {\n  const sorted = [...prices].sort((a, b) => b - a);\n  expect(prices).to.deep.equal(sorted);\n});",
              "err": {},
              "uuid": "589d2eb0-699f-4982-b457-f5ddf726cd65",
              "parentUUID": "829309ec-0cdf-4f57-92cb-de737d08ac75",
              "isHook": false,
              "skipped": false
            },
            {
              "title": "should check if all items are displayed",
              "fullTitle": "Inventory Page tests should check if all items are displayed",
              "timedOut": null,
              "duration": 858,
              "state": "passed",
              "speed": "fast",
              "pass": true,
              "fail": false,
              "pending": false,
              "context": null,
              "code": "cy.get('.inventory_item').should('have.length', 6);\ncy.get('.inventory_item_name').each($el => {\n  expect($el.text().trim()).to.not.be.empty;\n});\ncy.get('.inventory_item_price').each($el => {\n  expect($el.text().trim()).to.match(/^\\$\\d+(\\.\\d{2})?$/);\n});",
              "err": {},
              "uuid": "79f9051b-6d06-41cc-9fa6-74ac2b0e277c",
              "parentUUID": "829309ec-0cdf-4f57-92cb-de737d08ac75",
              "isHook": false,
              "skipped": false
            }
          ],
          "suites": [],
          "passes": [
            "601544af-fbae-4633-bc17-dd7f81f9d630",
            "e6e9d951-a98e-4bc0-bbe9-54f6e0c8c027",
            "589d2eb0-699f-4982-b457-f5ddf726cd65",
            "79f9051b-6d06-41cc-9fa6-74ac2b0e277c"
          ],
          "failures": [],
          "pending": [],
          "skipped": [],
          "duration": 5751,
          "root": false,
          "rootEmpty": false,
          "_timeout": 2000
        }
      ],
      "passes": [],
      "failures": [],
      "pending": [],
      "skipped": [],
      "duration": 0,
      "root": true,
      "rootEmpty": true,
      "_timeout": 2000
    }
  ],
  "meta": {
    "mocha": {
      "version": "7.2.0"
    },
    "mochawesome": {
      "options": {
        "quiet": false,
        "reportFilename": "mochawesome",
        "saveHtml": false,
        "saveJson": true,
        "consoleReporter": "spec",
        "useInlineDiffs": false,
        "code": true
      },
      "version": "7.1.3"
    },
    "marge": {
      "options": {
        "reportDir": "cypress/reports",
        "overwrite": false,
        "html": false,
        "json": true,
        "setupNodeEvents": "[Function setupNodeEvents]"
      },
      "version": "6.2.0"
    }
  }
}