{
  "stats": {
    "suites": 1,
    "tests": 3,
    "passes": 3,
    "pending": 0,
    "failures": 0,
    "start": "2025-08-24T21:39:09.683Z",
    "end": "2025-08-24T21:39:11.765Z",
    "duration": 2082,
    "testsRegistered": 3,
    "passPercent": 100,
    "pendingPercent": 0,
    "other": 0,
    "hasOther": false,
    "skipped": 0,
    "hasSkipped": false
  },
  "results": [
    {
      "uuid": "2d5f6c22-9f3a-4565-b5ec-c98a1c1b9510",
      "title": "",
      "fullFile": "cypress/e2e/LoginTests.cy.js",
      "file": "cypress/e2e/LoginTests.cy.js",
      "beforeHooks": [],
      "afterHooks": [],
      "tests": [],
      "suites": [
        {
          "uuid": "86728807-f0d0-4a42-b35e-cc4fc0f394c9",
          "title": "Login Tests",
          "fullFile": "",
          "file": "",
          "beforeHooks": [],
          "afterHooks": [],
          "tests": [
            {
              "title": "should login with valid credentials",
              "fullTitle": "Login Tests should login with valid credentials",
              "timedOut": null,
              "duration": 1023,
              "state": "passed",
              "speed": "fast",
              "pass": true,
              "fail": false,
              "pending": false,
              "context": null,
              "code": "cy.visit('/');\ncy.get('#user-name').type('standard_user');\ncy.get('#password').type('secret_sauce');\ncy.getSelector('login-button').click();\ncy.url().should('include', '/inventory.html');",
              "err": {},
              "uuid": "635697fb-ebcb-4d56-8a50-07cbef164f3c",
              "parentUUID": "86728807-f0d0-4a42-b35e-cc4fc0f394c9",
              "isHook": false,
              "skipped": false
            },
            {
              "title": "should show error with invalid credentials",
              "fullTitle": "Login Tests should show error with invalid credentials",
              "timedOut": null,
              "duration": 840,
              "state": "passed",
              "speed": "fast",
              "pass": true,
              "fail": false,
              "pending": false,
              "context": null,
              "code": "cy.visit('/');\ncy.get('#user-name').type('invalid_user');\ncy.get('#password').type('wrong_password');\ncy.getSelector('login-button').click();\ncy.get('[data-test=\"error\"]').should('be.visible');",
              "err": {},
              "uuid": "477c9ee7-2b0b-4b19-8456-78f5f4752963",
              "parentUUID": "86728807-f0d0-4a42-b35e-cc4fc0f394c9",
              "isHook": false,
              "skipped": false
            },
            {
              "title": "should show error with empty fields",
              "fullTitle": "Login Tests should show error with empty fields",
              "timedOut": null,
              "duration": 141,
              "state": "passed",
              "speed": "fast",
              "pass": true,
              "fail": false,
              "pending": false,
              "context": null,
              "code": "cy.visit('/');\ncy.getSelector('login-button').click();\ncy.get('[data-test=\"error\"]').should('contain.text', 'Username is required');",
              "err": {},
              "uuid": "40af3aa5-b0b7-4c34-801c-c87e356bc157",
              "parentUUID": "86728807-f0d0-4a42-b35e-cc4fc0f394c9",
              "isHook": false,
              "skipped": false
            }
          ],
          "suites": [],
          "passes": [
            "635697fb-ebcb-4d56-8a50-07cbef164f3c",
            "477c9ee7-2b0b-4b19-8456-78f5f4752963",
            "40af3aa5-b0b7-4c34-801c-c87e356bc157"
          ],
          "failures": [],
          "pending": [],
          "skipped": [],
          "duration": 2004,
          "root": false,
          "rootEmpty": false,
          "_timeout": 2000
        }
      ],
      "passes": [],
      "failures": [],
      "pending": [],
      "skipped": [],
      "duration": 0,
      "root": true,
      "rootEmpty": true,
      "_timeout": 2000
    }
  ],
  "meta": {
    "mocha": {
      "version": "7.2.0"
    },
    "mochawesome": {
      "options": {
        "quiet": false,
        "reportFilename": "mochawesome",
        "saveHtml": false,
        "saveJson": true,
        "consoleReporter": "spec",
        "useInlineDiffs": false,
        "code": true
      },
      "version": "7.1.3"
    },
    "marge": {
      "options": {
        "reportDir": "cypress/reports",
        "overwrite": false,
        "html": false,
        "json": true,
        "setupNodeEvents": "[Function setupNodeEvents]"
      },
      "version": "6.2.0"
    }
  }
}