{
  "stats": {
    "suites": 1,
    "tests": 2,
    "passes": 2,
    "pending": 0,
    "failures": 0,
    "start": "2025-08-24T21:36:50.154Z",
    "end": "2025-08-24T21:37:04.379Z",
    "duration": 14225,
    "testsRegistered": 2,
    "passPercent": 100,
    "pendingPercent": 0,
    "other": 0,
    "hasOther": false,
    "skipped": 0,
    "hasSkipped": false
  },
  "results": [
    {
      "uuid": "85c68a2c-6bce-402a-915d-4b7d74b102f6",
      "title": "",
      "fullFile": "cypress/e2e/1_LoginPage.cy.js",
      "file": "cypress/e2e/1_LoginPage.cy.js",
      "beforeHooks": [],
      "afterHooks": [],
      "tests": [],
      "suites": [
        {
          "uuid": "08c751cb-bd0b-426d-bdaa-e3865187457e",
          "title": "Login page tests",
          "fullFile": "",
          "file": "",
          "beforeHooks": [],
          "afterHooks": [],
          "tests": [
            {
              "title": "should check invalid login conditions",
              "fullTitle": "Login page tests should check invalid login conditions",
              "timedOut": null,
              "duration": 2475,
              "state": "passed",
              "speed": "fast",
              "pass": true,
              "fail": false,
              "pending": false,
              "context": null,
              "code": "cy.get('@usersList').then(userdetails => {\n  // cy.get('form').within(($form) => {\n  for (let i = 0; i < 2; i++) {\n    cy.visit('/');\n    cy.get('#user-name').as('username');\n    cy.get('@username').should('be.visible').and('not.be.disabled');\n    cy.get('@username').clear().type(userdetails[i].username);\n    cy.get('#password').as('password');\n    cy.get('@password').should('be.visible').and('not.be.disabled').clear().type(userdetails[i].password);\n    cy.get('#login-button').as('loginBtn');\n    cy.get('@loginBtn').click();\n    cy.get('h3').should('be.visible').and('contain.text', userdetails[i].expected);\n  }\n});",
              "err": {},
              "uuid": "e7991d95-62cc-44e8-a75d-76ebd8a5120a",
              "parentUUID": "08c751cb-bd0b-426d-bdaa-e3865187457e",
              "isHook": false,
              "skipped": false
            },
            {
              "title": "should check valid login conditions",
              "fullTitle": "Login page tests should check valid login conditions",
              "timedOut": null,
              "duration": 11685,
              "state": "passed",
              "speed": "slow",
              "pass": true,
              "fail": false,
              "pending": false,
              "context": null,
              "code": "cy.get('@usersList').then(userdetails => {\n  for (let i = 2; i < userdetails.length; i++) {\n    cy.visit('/');\n    cy.get('#user-name').should('be.visible').clear().type(userdetails[i].username);\n    cy.get('#password').should('be.visible').clear().type(userdetails[i].password);\n    cy.get('#login-button').click();\n    cy.url().should('include', '/inventory.html');\n    cy.get('.inventory_list').should('be.visible');\n    cy.get('#react-burger-menu-btn').should('be.visible').click();\n    cy.get('#logout_sidebar_link').should('be.visible').click();\n  }\n});",
              "err": {},
              "uuid": "9b6cb442-5ae3-43af-9d64-bd95e559f4d0",
              "parentUUID": "08c751cb-bd0b-426d-bdaa-e3865187457e",
              "isHook": false,
              "skipped": false
            }
          ],
          "suites": [],
          "passes": [
            "e7991d95-62cc-44e8-a75d-76ebd8a5120a",
            "9b6cb442-5ae3-43af-9d64-bd95e559f4d0"
          ],
          "failures": [],
          "pending": [],
          "skipped": [],
          "duration": 14160,
          "root": false,
          "rootEmpty": false,
          "_timeout": 2000
        }
      ],
      "passes": [],
      "failures": [],
      "pending": [],
      "skipped": [],
      "duration": 0,
      "root": true,
      "rootEmpty": true,
      "_timeout": 2000
    }
  ],
  "meta": {
    "mocha": {
      "version": "7.2.0"
    },
    "mochawesome": {
      "options": {
        "quiet": false,
        "reportFilename": "mochawesome",
        "saveHtml": false,
        "saveJson": true,
        "consoleReporter": "spec",
        "useInlineDiffs": false,
        "code": true
      },
      "version": "7.1.3"
    },
    "marge": {
      "options": {
        "reportDir": "cypress/reports",
        "overwrite": false,
        "html": false,
        "json": true,
        "setupNodeEvents": "[Function setupNodeEvents]"
      },
      "version": "6.2.0"
    }
  }
}